  Camera.cpp
  GameFramework.cpp
  GameObject.cpp
  GraphicsPipeline.cpp
  LabProject02-01.cpp
  Mesh.cpp
C:\Users\Crawin\source\repos\LabProject(Software Renderer)\LabProject02-01\Mesh.cpp(275,23): warning C4244: '인수': 'double'에서 'float'(으)로 변환하면서 데이터가 손실될 수 있습니다.
C:\Users\Crawin\source\repos\LabProject(Software Renderer)\LabProject02-01\Mesh.cpp(276,23): warning C4244: '인수': 'double'에서 'float'(으)로 변환하면서 데이터가 손실될 수 있습니다.
C:\Users\Crawin\source\repos\LabProject(Software Renderer)\LabProject02-01\Mesh.cpp(279,23): warning C4244: '인수': 'double'에서 'float'(으)로 변환하면서 데이터가 손실될 수 있습니다.
C:\Users\Crawin\source\repos\LabProject(Software Renderer)\LabProject02-01\Mesh.cpp(280,23): warning C4244: '인수': 'double'에서 'float'(으)로 변환하면서 데이터가 손실될 수 있습니다.
C:\Users\Crawin\source\repos\LabProject(Software Renderer)\LabProject02-01\Mesh.cpp(283,22): warning C4244: '인수': 'double'에서 'float'(으)로 변환하면서 데이터가 손실될 수 있습니다.
C:\Users\Crawin\source\repos\LabProject(Software Renderer)\LabProject02-01\Mesh.cpp(286,22): warning C4244: '인수': 'double'에서 'float'(으)로 변환하면서 데이터가 손실될 수 있습니다.
C:\Users\Crawin\source\repos\LabProject(Software Renderer)\LabProject02-01\Mesh.cpp(287,22): warning C4244: '인수': 'double'에서 'float'(으)로 변환하면서 데이터가 손실될 수 있습니다.
C:\Users\Crawin\source\repos\LabProject(Software Renderer)\LabProject02-01\Mesh.cpp(290,22): warning C4244: '인수': 'double'에서 'float'(으)로 변환하면서 데이터가 손실될 수 있습니다.
C:\Users\Crawin\source\repos\LabProject(Software Renderer)\LabProject02-01\Mesh.cpp(292,23): warning C4244: '인수': 'double'에서 'float'(으)로 변환하면서 데이터가 손실될 수 있습니다.
C:\Users\Crawin\source\repos\LabProject(Software Renderer)\LabProject02-01\Mesh.cpp(293,22): warning C4244: '인수': 'double'에서 'float'(으)로 변환하면서 데이터가 손실될 수 있습니다.
C:\Users\Crawin\source\repos\LabProject(Software Renderer)\LabProject02-01\Mesh.cpp(294,22): warning C4244: '인수': 'double'에서 'float'(으)로 변환하면서 데이터가 손실될 수 있습니다.
C:\Users\Crawin\source\repos\LabProject(Software Renderer)\LabProject02-01\Mesh.cpp(295,23): warning C4244: '인수': 'double'에서 'float'(으)로 변환하면서 데이터가 손실될 수 있습니다.
C:\Users\Crawin\source\repos\LabProject(Software Renderer)\LabProject02-01\Mesh.cpp(296,23): warning C4244: '인수': 'double'에서 'float'(으)로 변환하면서 데이터가 손실될 수 있습니다.
C:\Users\Crawin\source\repos\LabProject(Software Renderer)\LabProject02-01\Mesh.cpp(297,22): warning C4244: '인수': 'double'에서 'float'(으)로 변환하면서 데이터가 손실될 수 있습니다.
C:\Users\Crawin\source\repos\LabProject(Software Renderer)\LabProject02-01\Mesh.cpp(298,22): warning C4244: '인수': 'double'에서 'float'(으)로 변환하면서 데이터가 손실될 수 있습니다.
C:\Users\Crawin\source\repos\LabProject(Software Renderer)\LabProject02-01\Mesh.cpp(299,23): warning C4244: '인수': 'double'에서 'float'(으)로 변환하면서 데이터가 손실될 수 있습니다.
C:\Users\Crawin\source\repos\LabProject(Software Renderer)\LabProject02-01\Mesh.cpp(301,23): warning C4244: '인수': 'double'에서 'float'(으)로 변환하면서 데이터가 손실될 수 있습니다.
C:\Users\Crawin\source\repos\LabProject(Software Renderer)\LabProject02-01\Mesh.cpp(302,22): warning C4244: '인수': 'double'에서 'float'(으)로 변환하면서 데이터가 손실될 수 있습니다.
C:\Users\Crawin\source\repos\LabProject(Software Renderer)\LabProject02-01\Mesh.cpp(303,22): warning C4244: '인수': 'double'에서 'float'(으)로 변환하면서 데이터가 손실될 수 있습니다.
C:\Users\Crawin\source\repos\LabProject(Software Renderer)\LabProject02-01\Mesh.cpp(304,23): warning C4244: '인수': 'double'에서 'float'(으)로 변환하면서 데이터가 손실될 수 있습니다.
C:\Users\Crawin\source\repos\LabProject(Software Renderer)\LabProject02-01\Mesh.cpp(305,23): warning C4244: '인수': 'double'에서 'float'(으)로 변환하면서 데이터가 손실될 수 있습니다.
C:\Users\Crawin\source\repos\LabProject(Software Renderer)\LabProject02-01\Mesh.cpp(306,22): warning C4244: '인수': 'double'에서 'float'(으)로 변환하면서 데이터가 손실될 수 있습니다.
C:\Users\Crawin\source\repos\LabProject(Software Renderer)\LabProject02-01\Mesh.cpp(307,22): warning C4244: '인수': 'double'에서 'float'(으)로 변환하면서 데이터가 손실될 수 있습니다.
C:\Users\Crawin\source\repos\LabProject(Software Renderer)\LabProject02-01\Mesh.cpp(308,23): warning C4244: '인수': 'double'에서 'float'(으)로 변환하면서 데이터가 손실될 수 있습니다.
C:\Users\Crawin\source\repos\LabProject(Software Renderer)\LabProject02-01\Mesh.cpp(310,23): warning C4244: '인수': 'double'에서 'float'(으)로 변환하면서 데이터가 손실될 수 있습니다.
C:\Users\Crawin\source\repos\LabProject(Software Renderer)\LabProject02-01\Mesh.cpp(311,22): warning C4244: '인수': 'double'에서 'float'(으)로 변환하면서 데이터가 손실될 수 있습니다.
C:\Users\Crawin\source\repos\LabProject(Software Renderer)\LabProject02-01\Mesh.cpp(312,22): warning C4244: '인수': 'double'에서 'float'(으)로 변환하면서 데이터가 손실될 수 있습니다.
C:\Users\Crawin\source\repos\LabProject(Software Renderer)\LabProject02-01\Mesh.cpp(313,23): warning C4244: '인수': 'double'에서 'float'(으)로 변환하면서 데이터가 손실될 수 있습니다.
C:\Users\Crawin\source\repos\LabProject(Software Renderer)\LabProject02-01\Mesh.cpp(314,23): warning C4244: '인수': 'double'에서 'float'(으)로 변환하면서 데이터가 손실될 수 있습니다.
C:\Users\Crawin\source\repos\LabProject(Software Renderer)\LabProject02-01\Mesh.cpp(315,22): warning C4244: '인수': 'double'에서 'float'(으)로 변환하면서 데이터가 손실될 수 있습니다.
C:\Users\Crawin\source\repos\LabProject(Software Renderer)\LabProject02-01\Mesh.cpp(316,22): warning C4244: '인수': 'double'에서 'float'(으)로 변환하면서 데이터가 손실될 수 있습니다.
C:\Users\Crawin\source\repos\LabProject(Software Renderer)\LabProject02-01\Mesh.cpp(317,23): warning C4244: '인수': 'double'에서 'float'(으)로 변환하면서 데이터가 손실될 수 있습니다.
  Player.cpp
  Scene.cpp
  코드를 생성하고 있습니다...
  LabProject02-01.vcxproj -> C:\Users\Crawin\source\repos\LabProject(Software Renderer)\x64\Debug\LabProject02-01.exe
